Release 14.7 - xst P.20131013 (lin64)
Copyright (c) 1995-2013 Xilinx, Inc.  All rights reserved.
--> 
Parameter TMPDIR set to xst/projnav.tmp


Total REAL time to Xst completion: 2.00 secs
Total CPU time to Xst completion: 0.11 secs
 
--> 
Parameter xsthdpdir set to xst


Total REAL time to Xst completion: 2.00 secs
Total CPU time to Xst completion: 0.11 secs
 
--> 
Reading design: image_rom.prj

TABLE OF CONTENTS
  1) Synthesis Options Summary
  2) HDL Parsing
  3) HDL Elaboration
  4) HDL Synthesis
       4.1) HDL Synthesis Report
  5) Advanced HDL Synthesis
       5.1) Advanced HDL Synthesis Report
  6) Low Level Synthesis
  7) Partition Report
  8) Design Summary
       8.1) Primitive and Black Box Usage
       8.2) Device utilization summary
       8.3) Partition Resource Summary
       8.4) Timing Report
            8.4.1) Clock Information
            8.4.2) Asynchronous Control Signals Information
            8.4.3) Timing Summary
            8.4.4) Timing Details
            8.4.5) Cross Clock Domains Report


=========================================================================
*                      Synthesis Options Summary                        *
=========================================================================
---- Source Parameters
Input File Name                    : "image_rom.prj"
Ignore Synthesis Constraint File   : NO

---- Target Parameters
Output File Name                   : "image_rom"
Output Format                      : NGC
Target Device                      : xc7a100t-3-csg324

---- Source Options
Top Module Name                    : image_rom
Automatic FSM Extraction           : YES
FSM Encoding Algorithm             : Auto
Safe Implementation                : No
FSM Style                          : LUT
RAM Extraction                     : Yes
RAM Style                          : Auto
ROM Extraction                     : Yes
Shift Register Extraction          : YES
ROM Style                          : Auto
Resource Sharing                   : YES
Asynchronous To Synchronous        : NO
Shift Register Minimum Size        : 2
Use DSP Block                      : Auto
Automatic Register Balancing       : No

---- Target Options
LUT Combining                      : Auto
Reduce Control Sets                : Auto
Add IO Buffers                     : YES
Global Maximum Fanout              : 100000
Add Generic Clock Buffer(BUFG)     : 32
Register Duplication               : YES
Optimize Instantiated Primitives   : NO
Use Clock Enable                   : Auto
Use Synchronous Set                : Auto
Use Synchronous Reset              : Auto
Pack IO Registers into IOBs        : Auto
Equivalent register Removal        : YES

---- General Options
Optimization Goal                  : Speed
Optimization Effort                : 1
Power Reduction                    : NO
Keep Hierarchy                     : No
Netlist Hierarchy                  : As_Optimized
RTL Output                         : Yes
Global Optimization                : AllClockNets
Read Cores                         : YES
Write Timing Constraints           : NO
Cross Clock Analysis               : NO
Hierarchy Separator                : /
Bus Delimiter                      : <>
Case Specifier                     : Maintain
Slice Utilization Ratio            : 100
BRAM Utilization Ratio             : 100
DSP48 Utilization Ratio            : 100
Auto BRAM Packing                  : NO
Slice Utilization Ratio Delta      : 5

=========================================================================


=========================================================================
*                          HDL Parsing                                  *
=========================================================================
Analyzing Verilog file "/home/tino1b2be/Documents/YODA_Image_Masking_Accelerator/YODA_IMA2/image_12_bit_rom.v" into library work
Parsing module <image_rom>.

=========================================================================
*                            HDL Elaboration                            *
=========================================================================

Elaborating module <image_rom>.

=========================================================================
*                           HDL Synthesis                               *
=========================================================================

Synthesizing Unit <image_rom>.
    Related source file is "/home/tino1b2be/Documents/YODA_Image_Masking_Accelerator/YODA_IMA2/image_12_bit_rom.v".
    Set property "rom_style = block" for signal <row_reg>.
    Found 9-bit register for signal <col_reg>.
    Found 8-bit register for signal <row_reg>.
    Found 131072x12-bit Read Only RAM for signal <color_data>
    Summary:
	inferred   1 RAM(s).
	inferred  17 D-type flip-flop(s).
Unit <image_rom> synthesized.

=========================================================================
HDL Synthesis Report

Macro Statistics
# RAMs                                                 : 1
 131072x12-bit single-port Read Only RAM               : 1
# Registers                                            : 2
 8-bit register                                        : 1
 9-bit register                                        : 1

=========================================================================

=========================================================================
*                       Advanced HDL Synthesis                          *
=========================================================================


Synthesizing (advanced) Unit <image_rom>.
INFO:Xst:3218 - HDL ADVISOR - The RAM <Mram_color_data> will be implemented on LUTs either because you have described an asynchronous read or because of currently unsupported block RAM features. If you have described an asynchronous read, making it synchronous would allow you to take advantage of available block RAM resources, for optimized device usage and improved timings. Please refer to your documentation for coding guidelines.
    -----------------------------------------------------------------------
    | ram_type           | Distributed                         |          |
    -----------------------------------------------------------------------
    | Port A                                                              |
    |     aspect ratio   | 131072-word x 12-bit                |          |
    |     weA            | connected to signal <GND>           | high     |
    |     addrA          | connected to signal <(row_reg,col_reg)> |          |
    |     diA            | connected to signal <GND>           |          |
    |     doA            | connected to signal <color_data>    |          |
    -----------------------------------------------------------------------
Unit <image_rom> synthesized (advanced).

=========================================================================
Advanced HDL Synthesis Report

Macro Statistics
# RAMs                                                 : 1
 131072x12-bit single-port distributed Read Only RAM   : 1
# Registers                                            : 17
 Flip-Flops                                            : 17

=========================================================================

=========================================================================
*                         Low Level Synthesis                           *
=========================================================================
